INFO  2024-07-18T07:05:04.513 ThreadId(19) [client:typescript] Client starting.
INFO  2024-07-18T07:05:05.101 ThreadId(19) [1P:op-crash-reporting/src/crash_handler.rs:276] Started crash handler thread
INFO  2024-07-18T07:05:05.101 ThreadId(19) [1P:op-localization/src/lib.rs:232] system locale detected as 'en-US'
INFO  2024-07-18T07:05:05.101 ThreadId(19) [1P:op-localization/src/lib.rs:258] selected translations for EN_US based on detected locale en-US
INFO  2024-07-18T07:05:05.101 ThreadId(19) [status:app/op-app/src/app.rs:620] App::new(1Password for Linux/81038010 (EN_US), /home/$USER/.config/1Password)
INFO  2024-07-18T07:05:05.158 ThreadId(19) [1P:data/op-db/src/common/mod.rs:120] Core DB Table Integrity Check Succeeded
INFO  2024-07-18T07:05:05.158 ThreadId(19) [1P:data/op-db/src/common/mod.rs:134] Core DB Integrity Check Succeeded
INFO  2024-07-18T07:05:05.158 ThreadId(19) [1P:data/op-db/src/core_db/db.rs:165] Starting Core DB at version: 31
INFO  2024-07-18T07:05:05.164 ThreadId(19) [1P:data/op-db/src/common/mod.rs:120] Resources DB Table Integrity Check Succeeded
INFO  2024-07-18T07:05:05.164 ThreadId(19) [1P:data/op-db/src/common/mod.rs:134] Resources DB Integrity Check Succeeded
INFO  2024-07-18T07:05:05.164 ThreadId(19) [1P:data/op-db/src/resources_db/db.rs:134] Starting Resources DB at version: 1
ERROR 2024-07-18T07:05:05.169 ThreadId(19) [1P:/builds/dev/core/core/ssh/op-ssh-config/src/lib.rs:198] Failed to start ssh config file watcher: Io(Os { code: 2, kind: NotFound, message: "No such file or directory" })
INFO  2024-07-18T07:05:05.172 ThreadId(19) [1P:native-messaging/op-nm-installer/src/nix_utils.rs:68] Created NMH manifest at /home/$USER/.config/google-chrome/NativeMessagingHosts/com.1password.1password.json
INFO  2024-07-18T07:05:05.172 ThreadId(19) [1P:native-messaging/op-nm-installer/src/nix_utils.rs:68] Created NMH manifest at /home/$USER/.config/google-chrome-beta/NativeMessagingHosts/com.1password.1password.json
INFO  2024-07-18T07:05:05.172 ThreadId(19) [1P:native-messaging/op-nm-installer/src/nix_utils.rs:68] Created NMH manifest at /home/$USER/.config/google-chrome-unstable/NativeMessagingHosts/com.1password.1password.json
INFO  2024-07-18T07:05:05.172 ThreadId(19) [1P:native-messaging/op-nm-installer/src/nix_utils.rs:68] Created NMH manifest at /home/$USER/.config/chromium/NativeMessagingHosts/com.1password.1password.json
INFO  2024-07-18T07:05:05.172 ThreadId(19) [1P:native-messaging/op-nm-installer/src/nix_utils.rs:68] Created NMH manifest at /home/$USER/.config/microsoft-edge-dev/NativeMessagingHosts/com.1password.1password.json
INFO  2024-07-18T07:05:05.173 ThreadId(19) [1P:native-messaging/op-nm-installer/src/nix_utils.rs:68] Created NMH manifest at /home/$USER/.config/BraveSoftware/Brave-Browser/NativeMessagingHosts/com.1password.1password.json
INFO  2024-07-18T07:05:05.173 ThreadId(19) [1P:native-messaging/op-nm-installer/src/nix_utils.rs:68] Created NMH manifest at /home/$USER/.config/vivaldi/NativeMessagingHosts/com.1password.1password.json
INFO  2024-07-18T07:05:05.173 ThreadId(19) [1P:native-messaging/op-nm-installer/src/nix_utils.rs:68] Created NMH manifest at /home/$USER/.config/vivaldi-snapshot/NativeMessagingHosts/com.1password.1password.json
INFO  2024-07-18T07:05:05.173 ThreadId(19) [1P:native-messaging/op-nm-installer/src/nix_utils.rs:68] Created NMH manifest at /home/$USER/.mozilla/native-messaging-hosts/com.1password.1password.json
INFO  2024-07-18T07:05:05.173 ThreadId(19) [1P:native-messaging/op-nm-installer/src/nix_utils.rs:83] Successfully installed all native messaging manifests.
INFO  2024-07-18T07:05:05.176 tokio-runtime-worker(ThreadId(2)) [1P:native-messaging/op-native-core-integration/src/lib.rs:332] Starting IPC listener on 1Password-BrowserSupport
ERROR 2024-07-18T07:05:05.176 ThreadId(19) [1P:ffi/op-core-node/src/lib.rs:405] Io(Os { code: 2, kind: NotFound, message: "No such file or directory" })
INFO  2024-07-18T07:05:05.176 tokio-runtime-worker(ThreadId(14)) [1P:native-messaging/op-native-core-integration/src/lib.rs:344] Active native core integration is awaiting messages
INFO  2024-07-18T07:05:05.177 tokio-runtime-worker(ThreadId(14)) [1P:ssh/op-agent-controller/src/lib.rs:521] Starting filesystem watcher for SSH agent configuration directories...
INFO  2024-07-18T07:05:05.517 tokio-runtime-worker(ThreadId(14)) [1P:app/op-app/src/app/backend/lock_screen.rs:89] System unlock is enabled: true
INFO  2024-07-18T07:05:05.517 tokio-runtime-worker(ThreadId(14)) [1P:app/op-app/src/app/backend/lock_screen.rs:117] Sys auth status NotSetup
INFO  2024-07-18T07:05:09.725 tokio-runtime-worker(ThreadId(14)) [1P:app/op-app/src/app/backend/lock_screen.rs:89] System unlock is enabled: true
INFO  2024-07-18T07:05:09.912 tokio-runtime-worker(ThreadId(13)) [1P:/builds/dev/core/core/data/ext/op-account-ext-settings-authentication/src/lib.rs:213] loaded settings authentication key: 75d6c141e85a93e7
INFO  2024-07-18T07:05:09.920 tokio-runtime-worker(ThreadId(8)) [1P:data/ext/op-account-ext-items/src/lib.rs:265] loaded 829 items in 3 vaults for account: EJR375WU6VAWRAOXPXE55HJ6GY
ERROR 2024-07-18T07:05:09.921 tokio-runtime-worker(ThreadId(8)) [1P:op-auto-lock/src/linux.rs:210] Could not connect to the X server: XcbEventError
INFO  2024-07-18T07:05:09.921 tokio-runtime-worker(ThreadId(8)) [1P:data/ext/op-account-ext-settings-authentication/src/lib.rs:291] exactly one existing key found (75d6c141e85a93e7). Applying it to any new accounts
INFO  2024-07-18T07:05:09.921 tokio-runtime-worker(ThreadId(8)) [1P:op-settings/src/store/json_store.rs:685] initializing settings authentication with key 75d6c141e85a93e7
INFO  2024-07-18T07:05:09.921 tokio-runtime-worker(ThreadId(2)) [1P:app/op-app/src/app/backend/unlock.rs:149] Lock state changed: Unlocked
INFO  2024-07-18T07:05:09.922 tokio-runtime-worker(ThreadId(13)) [1P:op-telemetry/src/middleware/opt_state.rs:114] op-telemetry: account uuid 'EJR375WU6VAWRAOXPXE55HJ6GY' changed telemetry state to Decided(In)
INFO  2024-07-18T07:05:10.125 tokio-runtime-worker(ThreadId(14)) [1P:data/op-account-system-unlock/src/lib.rs:684] Adding system unlock key. Verifying keysets can be decrypted.
INFO  2024-07-18T07:05:10.127 tokio-runtime-worker(ThreadId(14)) [1P:data/op-account-system-unlock/src/lib.rs:690] Adding system unlock key. Encrypting muk.
INFO  2024-07-18T07:05:10.127 ThreadId(23) [1P:data/op-account-system-unlock/src/lib.rs:696] Adding system unlock key. Updating account.
INFO  2024-07-18T07:05:10.361 tokio-runtime-worker(ThreadId(2)) [1P:app/op-app/src/app/backend/unlock.rs:171] Processing unlocked account EJR375WU6VAWRAOXPXE55HJ6GY
INFO  2024-07-18T07:05:10.683 tokio-runtime-worker(ThreadId(12)) [1P:op-b5-client/src/internal/unauthorized_session.rs:1053] Skipping MFA because server did not return MFA config
INFO  2024-07-18T07:05:10.779 tokio-runtime-worker(ThreadId(2)) [1P:op-syncer/src/sync_job.rs:358] synced account EJR375WU6VAWRAOXPXE55HJ6GY (0.094274028s)
INFO  2024-07-18T07:05:10.779 tokio-runtime-worker(ThreadId(1)) [1P:data/op-file-transfer/src/lib.rs:602] find_and_complete_pending_uploads: 'EJR375WU6VAWRAOXPXE55HJ6GY'
INFO  2024-07-18T07:05:10.865 tokio-runtime-worker(ThreadId(12)) [1P:data/ext/op-account-ext-syncer/src/lib.rs:236] The B5 Notifier for (EJR375WU6VAWRAOXPXE55HJ6GY) has connected, now monitoring for events.
INFO  2024-07-18T07:05:10.912 tokio-runtime-worker(ThreadId(2)) [1P:op-syncer/src/sync_job.rs:358] synced account EJR375WU6VAWRAOXPXE55HJ6GY (0.045650574s)
INFO  2024-07-18T07:05:13.840 tokio-runtime-worker(ThreadId(12)) [1P:app/op-app/src/app/backend/frontend.rs:26] Front end event: window closed
INFO  2024-07-18T07:05:38.481 tokio-runtime-worker(ThreadId(12)) [1P:app/op-app/src/app/backend/frontend.rs:26] Front end event: window closed
INFO  2024-07-18T07:06:53.504 tokio-runtime-worker(ThreadId(14)) [1P:op-syncer/src/sync_job.rs:358] synced account EJR375WU6VAWRAOXPXE55HJ6GY (0.039760795s)
INFO  2024-07-18T07:07:00.211 tokio-runtime-worker(ThreadId(13)) [1P:app/op-app/src/app/backend/frontend.rs:26] Front end event: window closed
INFO  2024-07-18T07:14:48.930 tokio-runtime-worker(ThreadId(13)) [1P:native-messaging/op-native-core-integration/src/lib.rs:369] Extension connecting.
INFO  2024-07-18T07:14:48.930 tokio-runtime-worker(ThreadId(13)) [1P:native-messaging/op-native-core-integration/src/lib.rs:371] Extension connection accepted.
INFO  2024-07-18T07:14:49.932 tokio-runtime-worker(ThreadId(14)) [1P:native-messaging/op-native-core-integration/src/lib.rs:369] Extension connecting.
INFO  2024-07-18T07:14:49.932 tokio-runtime-worker(ThreadId(14)) [1P:native-messaging/op-native-core-integration/src/lib.rs:371] Extension connection accepted.
ERROR 2024-07-18T07:33:23.762 ThreadId(19) [1P:op-crash-reporting/src/crash_handler.rs:257] Failed to prepare for requesting dump
