INFO  2024-07-20T07:25:10.392 ThreadId(19) [client:typescript] Client starting.
INFO  2024-07-20T07:25:11.022 ThreadId(19) [1P:op-crash-reporting/src/crash_handler.rs:276] Started crash handler thread
INFO  2024-07-20T07:25:11.023 ThreadId(19) [1P:op-localization/src/lib.rs:232] system locale detected as 'en-US'
INFO  2024-07-20T07:25:11.023 ThreadId(19) [1P:op-localization/src/lib.rs:258] selected translations for EN_US based on detected locale en-US
INFO  2024-07-20T07:25:11.023 ThreadId(19) [status:app/op-app/src/app.rs:622] App::new(1Password for Linux/81038013 (EN_US), /home/$USER/.config/1Password)
INFO  2024-07-20T07:25:11.075 ThreadId(19) [1P:data/op-db/src/common/mod.rs:120] Core DB Table Integrity Check Succeeded
INFO  2024-07-20T07:25:11.076 ThreadId(19) [1P:data/op-db/src/common/mod.rs:134] Core DB Integrity Check Succeeded
INFO  2024-07-20T07:25:11.076 ThreadId(19) [1P:data/op-db/src/core_db/db.rs:169] Starting Core DB at version: 32
INFO  2024-07-20T07:25:11.089 ThreadId(19) [1P:data/op-db/src/common/mod.rs:120] Resources DB Table Integrity Check Succeeded
INFO  2024-07-20T07:25:11.089 ThreadId(19) [1P:data/op-db/src/common/mod.rs:134] Resources DB Integrity Check Succeeded
INFO  2024-07-20T07:25:11.089 ThreadId(19) [1P:data/op-db/src/resources_db/db.rs:134] Starting Resources DB at version: 1
ERROR 2024-07-20T07:25:11.093 ThreadId(19) [1P:/builds/dev/core/core/ssh/op-ssh-config/src/lib.rs:198] Failed to start ssh config file watcher: Io(Os { code: 2, kind: NotFound, message: "No such file or directory" })
INFO  2024-07-20T07:25:11.096 ThreadId(19) [1P:native-messaging/op-nm-installer/src/nix_utils.rs:68] Created NMH manifest at /home/$USER/.config/google-chrome/NativeMessagingHosts/com.1password.1password.json
INFO  2024-07-20T07:25:11.096 ThreadId(19) [1P:native-messaging/op-nm-installer/src/nix_utils.rs:68] Created NMH manifest at /home/$USER/.config/google-chrome-beta/NativeMessagingHosts/com.1password.1password.json
INFO  2024-07-20T07:25:11.096 ThreadId(19) [1P:native-messaging/op-nm-installer/src/nix_utils.rs:68] Created NMH manifest at /home/$USER/.config/google-chrome-unstable/NativeMessagingHosts/com.1password.1password.json
INFO  2024-07-20T07:25:11.097 ThreadId(19) [1P:native-messaging/op-nm-installer/src/nix_utils.rs:48] Creating manifest directory for Chromium at /home/$USER/.config/chromium/NativeMessagingHosts
INFO  2024-07-20T07:25:11.097 ThreadId(19) [1P:native-messaging/op-nm-installer/src/nix_utils.rs:68] Created NMH manifest at /home/$USER/.config/chromium/NativeMessagingHosts/com.1password.1password.json
INFO  2024-07-20T07:25:11.097 ThreadId(19) [1P:native-messaging/op-nm-installer/src/nix_utils.rs:68] Created NMH manifest at /home/$USER/.config/microsoft-edge-dev/NativeMessagingHosts/com.1password.1password.json
INFO  2024-07-20T07:25:11.097 ThreadId(19) [1P:native-messaging/op-nm-installer/src/nix_utils.rs:68] Created NMH manifest at /home/$USER/.config/BraveSoftware/Brave-Browser/NativeMessagingHosts/com.1password.1password.json
INFO  2024-07-20T07:25:11.097 ThreadId(19) [1P:native-messaging/op-nm-installer/src/nix_utils.rs:68] Created NMH manifest at /home/$USER/.config/vivaldi/NativeMessagingHosts/com.1password.1password.json
INFO  2024-07-20T07:25:11.097 ThreadId(19) [1P:native-messaging/op-nm-installer/src/nix_utils.rs:68] Created NMH manifest at /home/$USER/.config/vivaldi-snapshot/NativeMessagingHosts/com.1password.1password.json
INFO  2024-07-20T07:25:11.097 ThreadId(19) [1P:native-messaging/op-nm-installer/src/nix_utils.rs:68] Created NMH manifest at /home/$USER/.mozilla/native-messaging-hosts/com.1password.1password.json
INFO  2024-07-20T07:25:11.097 ThreadId(19) [1P:native-messaging/op-nm-installer/src/nix_utils.rs:83] Successfully installed all native messaging manifests.
INFO  2024-07-20T07:25:11.100 tokio-runtime-worker(ThreadId(8)) [1P:native-messaging/op-native-core-integration/src/lib.rs:332] Starting IPC listener on 1Password-BrowserSupport
ERROR 2024-07-20T07:25:11.100 ThreadId(19) [1P:ffi/op-core-node/src/lib.rs:419] Io(Os { code: 2, kind: NotFound, message: "No such file or directory" })
INFO  2024-07-20T07:25:11.100 tokio-runtime-worker(ThreadId(8)) [1P:native-messaging/op-native-core-integration/src/lib.rs:344] Active native core integration is awaiting messages
INFO  2024-07-20T07:25:11.101 tokio-runtime-worker(ThreadId(14)) [1P:ssh/op-agent-controller/src/lib.rs:521] Starting filesystem watcher for SSH agent configuration directories...
INFO  2024-07-20T07:25:11.144 tokio-runtime-worker(ThreadId(15)) [1P:native-messaging/op-native-core-integration/src/lib.rs:369] Extension connecting.
INFO  2024-07-20T07:25:11.144 tokio-runtime-worker(ThreadId(15)) [1P:native-messaging/op-native-core-integration/src/lib.rs:371] Extension connection accepted.
INFO  2024-07-20T07:25:17.371 tokio-runtime-worker(ThreadId(8)) [1P:app/op-app/src/app/backend/lock_screen.rs:89] System unlock is enabled: true
INFO  2024-07-20T07:25:17.551 tokio-runtime-worker(ThreadId(14)) [1P:/builds/dev/core/core/data/ext/op-account-ext-settings-authentication/src/lib.rs:214] loaded settings authentication key: 75d6c141e85a93e7
INFO  2024-07-20T07:25:17.558 tokio-runtime-worker(ThreadId(7)) [1P:data/ext/op-account-ext-items/src/lib.rs:266] loaded 829 items in 3 vaults for account: EJR375WU6VAWRAOXPXE55HJ6GY
INFO  2024-07-20T07:25:17.559 tokio-runtime-worker(ThreadId(8)) [1P:app/op-app/src/app/components/policies.rs:55] Skipping policies for account EJR375WU6VAWRAOXPXE55HJ6GY; feature flag not enabled.
ERROR 2024-07-20T07:25:17.559 tokio-runtime-worker(ThreadId(7)) [1P:op-auto-lock/src/linux.rs:210] Could not connect to the X server: XcbEventError
INFO  2024-07-20T07:25:17.560 tokio-runtime-worker(ThreadId(7)) [1P:data/ext/op-account-ext-settings-authentication/src/lib.rs:292] exactly one existing key found (75d6c141e85a93e7). Applying it to any new accounts
INFO  2024-07-20T07:25:17.560 tokio-runtime-worker(ThreadId(7)) [1P:op-settings/src/store/json_store.rs:690] initializing settings authentication with key 75d6c141e85a93e7
INFO  2024-07-20T07:25:17.560 tokio-runtime-worker(ThreadId(2)) [1P:app/op-app/src/app/backend/unlock.rs:149] Lock state changed: Unlocked
INFO  2024-07-20T07:25:17.560 tokio-runtime-worker(ThreadId(14)) [1P:op-telemetry/src/middleware/opt_state.rs:114] op-telemetry: account uuid 'EJR375WU6VAWRAOXPXE55HJ6GY' changed telemetry state to Decided(In)
INFO  2024-07-20T07:25:17.560 tokio-runtime-worker(ThreadId(8)) [1P:app/op-app/src/app/components/policies.rs:55] Skipping policies for account EJR375WU6VAWRAOXPXE55HJ6GY; feature flag not enabled.
INFO  2024-07-20T07:25:17.767 tokio-runtime-worker(ThreadId(14)) [1P:data/op-account-system-unlock/src/lib.rs:684] Adding system unlock key. Verifying keysets can be decrypted.
INFO  2024-07-20T07:25:17.769 tokio-runtime-worker(ThreadId(14)) [1P:data/op-account-system-unlock/src/lib.rs:690] Adding system unlock key. Encrypting muk.
INFO  2024-07-20T07:25:17.769 ThreadId(23) [1P:data/op-account-system-unlock/src/lib.rs:696] Adding system unlock key. Updating account.
INFO  2024-07-20T07:25:17.769 tokio-runtime-worker(ThreadId(12)) [1P:app/op-app/src/app/components/policies.rs:55] Skipping policies for account EJR375WU6VAWRAOXPXE55HJ6GY; feature flag not enabled.
INFO  2024-07-20T07:25:17.906 tokio-runtime-worker(ThreadId(15)) [1P:native-messaging/op-native-core-integration/src/lib.rs:369] Extension connecting.
INFO  2024-07-20T07:25:17.906 tokio-runtime-worker(ThreadId(15)) [1P:native-messaging/op-native-core-integration/src/lib.rs:371] Extension connection accepted.
INFO  2024-07-20T07:25:17.988 tokio-runtime-worker(ThreadId(15)) [1P:app/op-app/src/app/backend/unlock.rs:171] Processing unlocked account EJR375WU6VAWRAOXPXE55HJ6GY
INFO  2024-07-20T07:25:18.083 tokio-runtime-worker(ThreadId(14)) [1P:op-b5-client/src/internal/unauthorized_session.rs:1053] Skipping MFA because server did not return MFA config
INFO  2024-07-20T07:25:18.189 tokio-runtime-worker(ThreadId(14)) [1P:op-syncer/src/sync_job.rs:358] synced account EJR375WU6VAWRAOXPXE55HJ6GY (0.105332088s)
INFO  2024-07-20T07:25:18.190 tokio-runtime-worker(ThreadId(12)) [1P:data/op-file-transfer/src/lib.rs:602] find_and_complete_pending_uploads: 'EJR375WU6VAWRAOXPXE55HJ6GY'
INFO  2024-07-20T07:25:18.255 tokio-runtime-worker(ThreadId(14)) [1P:app/op-app/src/app/components/policies.rs:55] Skipping policies for account EJR375WU6VAWRAOXPXE55HJ6GY; feature flag not enabled.
INFO  2024-07-20T07:25:18.255 tokio-runtime-worker(ThreadId(13)) [1P:data/ext/op-account-ext-syncer/src/lib.rs:236] The B5 Notifier for (EJR375WU6VAWRAOXPXE55HJ6GY) has connected, now monitoring for events.
INFO  2024-07-20T07:25:18.312 tokio-runtime-worker(ThreadId(13)) [1P:op-syncer/src/sync_job.rs:358] synced account EJR375WU6VAWRAOXPXE55HJ6GY (0.054869827s)
ERROR 2024-07-20T07:49:52.954 tokio-runtime-worker(ThreadId(14)) [1P:ffi/op-core-node/src/lib.rs:517] Item list call aborted by a new call
INFO  2024-07-20T07:49:53.028 tokio-runtime-worker(ThreadId(15)) [1P:ssh/op-agent-controller/src/lib.rs:734] SSH Agent has started.
INFO  2024-07-20T07:52:30.426 tokio-runtime-worker(ThreadId(8)) [1P:app/op-app/src/app/backend/frontend.rs:26] Front end event: window closed
