INFO  2024-07-19T18:05:53.576 ThreadId(19) [client:typescript] Client starting.
INFO  2024-07-19T18:05:54.138 ThreadId(19) [1P:op-crash-reporting/src/crash_handler.rs:276] Started crash handler thread
INFO  2024-07-19T18:05:54.138 ThreadId(19) [1P:op-localization/src/lib.rs:232] system locale detected as 'en-US'
INFO  2024-07-19T18:05:54.138 ThreadId(19) [1P:op-localization/src/lib.rs:258] selected translations for EN_US based on detected locale en-US
INFO  2024-07-19T18:05:54.138 ThreadId(19) [status:app/op-app/src/app.rs:622] App::new(1Password for Linux/81038013 (EN_US), /home/$USER/.config/1Password)
INFO  2024-07-19T18:05:54.190 ThreadId(19) [1P:data/op-db/src/common/mod.rs:120] Core DB Table Integrity Check Succeeded
INFO  2024-07-19T18:05:54.190 ThreadId(19) [1P:data/op-db/src/common/mod.rs:134] Core DB Integrity Check Succeeded
INFO  2024-07-19T18:05:54.190 ThreadId(19) [1P:data/op-db/src/core_db/db.rs:169] Starting Core DB at version: 32
INFO  2024-07-19T18:05:54.200 ThreadId(19) [1P:data/op-db/src/common/mod.rs:120] Resources DB Table Integrity Check Succeeded
INFO  2024-07-19T18:05:54.200 ThreadId(19) [1P:data/op-db/src/common/mod.rs:134] Resources DB Integrity Check Succeeded
INFO  2024-07-19T18:05:54.200 ThreadId(19) [1P:data/op-db/src/resources_db/db.rs:134] Starting Resources DB at version: 1
ERROR 2024-07-19T18:05:54.204 ThreadId(19) [1P:/builds/dev/core/core/ssh/op-ssh-config/src/lib.rs:198] Failed to start ssh config file watcher: Io(Os { code: 2, kind: NotFound, message: "No such file or directory" })
INFO  2024-07-19T18:05:54.207 ThreadId(19) [1P:native-messaging/op-nm-installer/src/nix_utils.rs:68] Created NMH manifest at /home/$USER/.config/google-chrome/NativeMessagingHosts/com.1password.1password.json
INFO  2024-07-19T18:05:54.207 ThreadId(19) [1P:native-messaging/op-nm-installer/src/nix_utils.rs:68] Created NMH manifest at /home/$USER/.config/google-chrome-beta/NativeMessagingHosts/com.1password.1password.json
INFO  2024-07-19T18:05:54.207 ThreadId(19) [1P:native-messaging/op-nm-installer/src/nix_utils.rs:68] Created NMH manifest at /home/$USER/.config/google-chrome-unstable/NativeMessagingHosts/com.1password.1password.json
INFO  2024-07-19T18:05:54.207 ThreadId(19) [1P:native-messaging/op-nm-installer/src/nix_utils.rs:68] Created NMH manifest at /home/$USER/.config/chromium/NativeMessagingHosts/com.1password.1password.json
INFO  2024-07-19T18:05:54.207 ThreadId(19) [1P:native-messaging/op-nm-installer/src/nix_utils.rs:68] Created NMH manifest at /home/$USER/.config/microsoft-edge-dev/NativeMessagingHosts/com.1password.1password.json
INFO  2024-07-19T18:05:54.207 ThreadId(19) [1P:native-messaging/op-nm-installer/src/nix_utils.rs:68] Created NMH manifest at /home/$USER/.config/BraveSoftware/Brave-Browser/NativeMessagingHosts/com.1password.1password.json
INFO  2024-07-19T18:05:54.207 ThreadId(19) [1P:native-messaging/op-nm-installer/src/nix_utils.rs:68] Created NMH manifest at /home/$USER/.config/vivaldi/NativeMessagingHosts/com.1password.1password.json
INFO  2024-07-19T18:05:54.207 ThreadId(19) [1P:native-messaging/op-nm-installer/src/nix_utils.rs:68] Created NMH manifest at /home/$USER/.config/vivaldi-snapshot/NativeMessagingHosts/com.1password.1password.json
INFO  2024-07-19T18:05:54.208 ThreadId(19) [1P:native-messaging/op-nm-installer/src/nix_utils.rs:68] Created NMH manifest at /home/$USER/.mozilla/native-messaging-hosts/com.1password.1password.json
INFO  2024-07-19T18:05:54.208 ThreadId(19) [1P:native-messaging/op-nm-installer/src/nix_utils.rs:83] Successfully installed all native messaging manifests.
INFO  2024-07-19T18:05:54.211 tokio-runtime-worker(ThreadId(7)) [1P:native-messaging/op-native-core-integration/src/lib.rs:332] Starting IPC listener on 1Password-BrowserSupport
ERROR 2024-07-19T18:05:54.211 ThreadId(19) [1P:ffi/op-core-node/src/lib.rs:419] Io(Os { code: 2, kind: NotFound, message: "No such file or directory" })
INFO  2024-07-19T18:05:54.212 tokio-runtime-worker(ThreadId(8)) [1P:native-messaging/op-native-core-integration/src/lib.rs:344] Active native core integration is awaiting messages
INFO  2024-07-19T18:05:54.212 tokio-runtime-worker(ThreadId(7)) [1P:ssh/op-agent-controller/src/lib.rs:521] Starting filesystem watcher for SSH agent configuration directories...
INFO  2024-07-19T18:05:54.224 tokio-runtime-worker(ThreadId(15)) [1P:native-messaging/op-native-core-integration/src/lib.rs:369] Extension connecting.
INFO  2024-07-19T18:05:54.224 tokio-runtime-worker(ThreadId(15)) [1P:native-messaging/op-native-core-integration/src/lib.rs:371] Extension connection accepted.
INFO  2024-07-19T18:05:59.832 tokio-runtime-worker(ThreadId(15)) [1P:app/op-app/src/app/backend/lock_screen.rs:89] System unlock is enabled: true
INFO  2024-07-19T18:06:00.025 tokio-runtime-worker(ThreadId(8)) [1P:/builds/dev/core/core/data/ext/op-account-ext-settings-authentication/src/lib.rs:214] loaded settings authentication key: 75d6c141e85a93e7
INFO  2024-07-19T18:06:00.032 tokio-runtime-worker(ThreadId(15)) [1P:data/ext/op-account-ext-items/src/lib.rs:266] loaded 829 items in 3 vaults for account: EJR375WU6VAWRAOXPXE55HJ6GY
INFO  2024-07-19T18:06:00.033 tokio-runtime-worker(ThreadId(7)) [1P:app/op-app/src/app/components/policies.rs:55] Skipping policies for account EJR375WU6VAWRAOXPXE55HJ6GY; feature flag not enabled.
ERROR 2024-07-19T18:06:00.033 tokio-runtime-worker(ThreadId(15)) [1P:op-auto-lock/src/linux.rs:210] Could not connect to the X server: XcbEventError
INFO  2024-07-19T18:06:00.033 tokio-runtime-worker(ThreadId(15)) [1P:data/ext/op-account-ext-settings-authentication/src/lib.rs:292] exactly one existing key found (75d6c141e85a93e7). Applying it to any new accounts
INFO  2024-07-19T18:06:00.033 tokio-runtime-worker(ThreadId(15)) [1P:op-settings/src/store/json_store.rs:690] initializing settings authentication with key 75d6c141e85a93e7
INFO  2024-07-19T18:06:00.034 tokio-runtime-worker(ThreadId(12)) [1P:app/op-app/src/app/backend/unlock.rs:149] Lock state changed: Unlocked
INFO  2024-07-19T18:06:00.034 tokio-runtime-worker(ThreadId(2)) [1P:op-telemetry/src/middleware/opt_state.rs:114] op-telemetry: account uuid 'EJR375WU6VAWRAOXPXE55HJ6GY' changed telemetry state to Decided(In)
INFO  2024-07-19T18:06:00.034 tokio-runtime-worker(ThreadId(2)) [1P:app/op-app/src/app/components/policies.rs:55] Skipping policies for account EJR375WU6VAWRAOXPXE55HJ6GY; feature flag not enabled.
INFO  2024-07-19T18:06:00.244 tokio-runtime-worker(ThreadId(8)) [1P:data/op-account-system-unlock/src/lib.rs:684] Adding system unlock key. Verifying keysets can be decrypted.
INFO  2024-07-19T18:06:00.245 tokio-runtime-worker(ThreadId(8)) [1P:data/op-account-system-unlock/src/lib.rs:690] Adding system unlock key. Encrypting muk.
INFO  2024-07-19T18:06:00.246 ThreadId(23) [1P:data/op-account-system-unlock/src/lib.rs:696] Adding system unlock key. Updating account.
INFO  2024-07-19T18:06:00.246 tokio-runtime-worker(ThreadId(14)) [1P:app/op-app/src/app/components/policies.rs:55] Skipping policies for account EJR375WU6VAWRAOXPXE55HJ6GY; feature flag not enabled.
INFO  2024-07-19T18:06:00.376 tokio-runtime-worker(ThreadId(14)) [1P:native-messaging/op-native-core-integration/src/lib.rs:369] Extension connecting.
INFO  2024-07-19T18:06:00.376 tokio-runtime-worker(ThreadId(14)) [1P:native-messaging/op-native-core-integration/src/lib.rs:371] Extension connection accepted.
INFO  2024-07-19T18:06:00.459 tokio-runtime-worker(ThreadId(2)) [1P:app/op-app/src/app/backend/unlock.rs:171] Processing unlocked account EJR375WU6VAWRAOXPXE55HJ6GY
INFO  2024-07-19T18:06:00.462 tokio-runtime-worker(ThreadId(8)) [1P:op-b5-client/src/internal/unauthorized_session.rs:1053] Skipping MFA because server did not return MFA config
INFO  2024-07-19T18:06:00.567 tokio-runtime-worker(ThreadId(14)) [1P:op-syncer/src/sync_job.rs:358] synced account EJR375WU6VAWRAOXPXE55HJ6GY (0.10323224s)
INFO  2024-07-19T18:06:00.567 tokio-runtime-worker(ThreadId(2)) [1P:data/op-file-transfer/src/lib.rs:602] find_and_complete_pending_uploads: 'EJR375WU6VAWRAOXPXE55HJ6GY'
INFO  2024-07-19T18:06:00.656 tokio-runtime-worker(ThreadId(2)) [1P:data/ext/op-account-ext-syncer/src/lib.rs:236] The B5 Notifier for (EJR375WU6VAWRAOXPXE55HJ6GY) has connected, now monitoring for events.
INFO  2024-07-19T18:06:00.656 tokio-runtime-worker(ThreadId(14)) [1P:app/op-app/src/app/components/policies.rs:55] Skipping policies for account EJR375WU6VAWRAOXPXE55HJ6GY; feature flag not enabled.
INFO  2024-07-19T18:06:00.702 tokio-runtime-worker(ThreadId(7)) [1P:op-syncer/src/sync_job.rs:358] synced account EJR375WU6VAWRAOXPXE55HJ6GY (0.043736922s)
INFO  2024-07-19T18:11:37.659 tokio-runtime-worker(ThreadId(8)) [1P:app/op-app/src/app/backend/frontend.rs:26] Front end event: window closed
ERROR 2024-07-19T18:15:50.095 tokio-runtime-worker(ThreadId(14)) [1P:native-messaging/op-native-core-integration/src/connection_handler.rs:62] message from b5x was None: EndConnection
ERROR 2024-07-19T18:15:50.095 tokio-runtime-worker(ThreadId(14)) [1P:native-messaging/op-native-core-integration/src/connection_handler.rs:31] Dropping connection with b5x due to error handling incoming message: EndConnection
ERROR 2024-07-19T18:15:50.095 tokio-runtime-worker(ThreadId(14)) [1P:native-messaging/op-native-core-integration/src/connection_handler.rs:62] message from b5x was None: EndConnection
ERROR 2024-07-19T18:15:50.095 tokio-runtime-worker(ThreadId(14)) [1P:native-messaging/op-native-core-integration/src/connection_handler.rs:31] Dropping connection with b5x due to error handling incoming message: EndConnection
INFO  2024-07-19T18:17:06.343 tokio-runtime-worker(ThreadId(12)) [1P:native-messaging/op-native-core-integration/src/lib.rs:369] Extension connecting.
INFO  2024-07-19T18:17:06.343 tokio-runtime-worker(ThreadId(12)) [1P:native-messaging/op-native-core-integration/src/lib.rs:371] Extension connection accepted.
INFO  2024-07-19T18:17:07.346 tokio-runtime-worker(ThreadId(14)) [1P:native-messaging/op-native-core-integration/src/lib.rs:369] Extension connecting.
INFO  2024-07-19T18:17:07.346 tokio-runtime-worker(ThreadId(14)) [1P:native-messaging/op-native-core-integration/src/lib.rs:371] Extension connection accepted.
ERROR 2024-07-19T18:27:54.031 tokio-runtime-worker(ThreadId(14)) [1P:native-messaging/op-native-core-integration/src/connection_handler.rs:62] message from b5x was None: EndConnection
ERROR 2024-07-19T18:27:54.031 tokio-runtime-worker(ThreadId(14)) [1P:native-messaging/op-native-core-integration/src/connection_handler.rs:31] Dropping connection with b5x due to error handling incoming message: EndConnection
ERROR 2024-07-19T18:27:54.031 tokio-runtime-worker(ThreadId(14)) [1P:native-messaging/op-native-core-integration/src/connection_handler.rs:62] message from b5x was None: EndConnection
ERROR 2024-07-19T18:27:54.031 tokio-runtime-worker(ThreadId(14)) [1P:native-messaging/op-native-core-integration/src/connection_handler.rs:31] Dropping connection with b5x due to error handling incoming message: EndConnection
