INFO  2024-07-19T06:33:04.996 ThreadId(19) [client:typescript] Client starting.
INFO  2024-07-19T06:33:05.601 ThreadId(19) [1P:op-crash-reporting/src/crash_handler.rs:276] Started crash handler thread
INFO  2024-07-19T06:33:05.601 ThreadId(19) [1P:op-localization/src/lib.rs:232] system locale detected as 'en-US'
INFO  2024-07-19T06:33:05.602 ThreadId(19) [1P:op-localization/src/lib.rs:258] selected translations for EN_US based on detected locale en-US
INFO  2024-07-19T06:33:05.602 ThreadId(19) [status:app/op-app/src/app.rs:622] App::new(1Password for Linux/81038013 (EN_US), /home/$USER/.config/1Password)
INFO  2024-07-19T06:33:05.662 ThreadId(19) [1P:data/op-db/src/common/mod.rs:120] Core DB Table Integrity Check Succeeded
INFO  2024-07-19T06:33:05.662 ThreadId(19) [1P:data/op-db/src/common/mod.rs:134] Core DB Integrity Check Succeeded
INFO  2024-07-19T06:33:05.662 ThreadId(19) [1P:data/op-db/src/core_db/db.rs:169] Starting Core DB at version: 31
INFO  2024-07-19T06:33:05.668 ThreadId(19) [1P:data/op-db/src/core_db/db.rs:1132] Updated DB Schema to version 032
INFO  2024-07-19T06:33:05.680 ThreadId(19) [1P:data/op-db/src/common/mod.rs:120] Resources DB Table Integrity Check Succeeded
INFO  2024-07-19T06:33:05.680 ThreadId(19) [1P:data/op-db/src/common/mod.rs:134] Resources DB Integrity Check Succeeded
INFO  2024-07-19T06:33:05.680 ThreadId(19) [1P:data/op-db/src/resources_db/db.rs:134] Starting Resources DB at version: 1
ERROR 2024-07-19T06:33:05.681 ThreadId(19) [1P:/builds/dev/core/core/ssh/op-ssh-config/src/lib.rs:198] Failed to start ssh config file watcher: Io(Os { code: 2, kind: NotFound, message: "No such file or directory" })
INFO  2024-07-19T06:33:05.684 ThreadId(19) [1P:native-messaging/op-nm-installer/src/nix_utils.rs:68] Created NMH manifest at /home/$USER/.config/google-chrome/NativeMessagingHosts/com.1password.1password.json
INFO  2024-07-19T06:33:05.684 ThreadId(19) [1P:native-messaging/op-nm-installer/src/nix_utils.rs:68] Created NMH manifest at /home/$USER/.config/google-chrome-beta/NativeMessagingHosts/com.1password.1password.json
INFO  2024-07-19T06:33:05.684 ThreadId(19) [1P:native-messaging/op-nm-installer/src/nix_utils.rs:68] Created NMH manifest at /home/$USER/.config/google-chrome-unstable/NativeMessagingHosts/com.1password.1password.json
INFO  2024-07-19T06:33:05.685 ThreadId(19) [1P:native-messaging/op-nm-installer/src/nix_utils.rs:68] Created NMH manifest at /home/$USER/.config/chromium/NativeMessagingHosts/com.1password.1password.json
INFO  2024-07-19T06:33:05.685 ThreadId(19) [1P:native-messaging/op-nm-installer/src/nix_utils.rs:68] Created NMH manifest at /home/$USER/.config/microsoft-edge-dev/NativeMessagingHosts/com.1password.1password.json
INFO  2024-07-19T06:33:05.685 ThreadId(19) [1P:native-messaging/op-nm-installer/src/nix_utils.rs:68] Created NMH manifest at /home/$USER/.config/BraveSoftware/Brave-Browser/NativeMessagingHosts/com.1password.1password.json
INFO  2024-07-19T06:33:05.685 ThreadId(19) [1P:native-messaging/op-nm-installer/src/nix_utils.rs:68] Created NMH manifest at /home/$USER/.config/vivaldi/NativeMessagingHosts/com.1password.1password.json
INFO  2024-07-19T06:33:05.685 ThreadId(19) [1P:native-messaging/op-nm-installer/src/nix_utils.rs:68] Created NMH manifest at /home/$USER/.config/vivaldi-snapshot/NativeMessagingHosts/com.1password.1password.json
INFO  2024-07-19T06:33:05.685 ThreadId(19) [1P:native-messaging/op-nm-installer/src/nix_utils.rs:68] Created NMH manifest at /home/$USER/.mozilla/native-messaging-hosts/com.1password.1password.json
INFO  2024-07-19T06:33:05.685 ThreadId(19) [1P:native-messaging/op-nm-installer/src/nix_utils.rs:83] Successfully installed all native messaging manifests.
INFO  2024-07-19T06:33:05.689 tokio-runtime-worker(ThreadId(1)) [1P:native-messaging/op-native-core-integration/src/lib.rs:332] Starting IPC listener on 1Password-BrowserSupport
ERROR 2024-07-19T06:33:05.689 ThreadId(19) [1P:ffi/op-core-node/src/lib.rs:419] Io(Os { code: 2, kind: NotFound, message: "No such file or directory" })
INFO  2024-07-19T06:33:05.689 tokio-runtime-worker(ThreadId(8)) [1P:native-messaging/op-native-core-integration/src/lib.rs:344] Active native core integration is awaiting messages
INFO  2024-07-19T06:33:05.690 tokio-runtime-worker(ThreadId(7)) [1P:ssh/op-agent-controller/src/lib.rs:521] Starting filesystem watcher for SSH agent configuration directories...
INFO  2024-07-19T06:33:06.075 tokio-runtime-worker(ThreadId(7)) [1P:app/op-app/src/app/backend/lock_screen.rs:89] System unlock is enabled: true
INFO  2024-07-19T06:33:06.075 tokio-runtime-worker(ThreadId(7)) [1P:app/op-app/src/app/backend/lock_screen.rs:117] Sys auth status NotSetup
INFO  2024-07-19T06:33:10.146 tokio-runtime-worker(ThreadId(8)) [1P:app/op-app/src/app/backend/lock_screen.rs:89] System unlock is enabled: true
WARN  2024-07-19T06:33:10.324 tokio-runtime-worker(ThreadId(8)) [1P:data/op-data-cache/src/unlock.rs:528] could not unlock keychain: cannot unlock keychain: UnlockError(CannotUnlockKeychain(DecryptingSymmetricKey(GcmFailedToDecrypt)))
WARN  2024-07-19T06:33:10.324 tokio-runtime-worker(ThreadId(8)) [1P:app/op-app/src/app/backend/lock_screen.rs:911] the password entered may be incorrect
ERROR 2024-07-19T06:33:10.324 tokio-runtime-worker(ThreadId(8)) [1P:app/op-app/src/app/backend/lock_screen.rs:912] NoNewAccountsUnlocked
INFO  2024-07-19T06:33:16.079 tokio-runtime-worker(ThreadId(14)) [1P:app/op-app/src/app/backend/lock_screen.rs:89] System unlock is enabled: true
INFO  2024-07-19T06:33:16.259 tokio-runtime-worker(ThreadId(8)) [1P:/builds/dev/core/core/data/ext/op-account-ext-settings-authentication/src/lib.rs:214] loaded settings authentication key: 75d6c141e85a93e7
INFO  2024-07-19T06:33:16.266 tokio-runtime-worker(ThreadId(8)) [1P:data/ext/op-account-ext-items/src/lib.rs:266] loaded 829 items in 3 vaults for account: EJR375WU6VAWRAOXPXE55HJ6GY
INFO  2024-07-19T06:33:16.267 tokio-runtime-worker(ThreadId(14)) [1P:app/op-app/src/app/components/policies.rs:55] Skipping policies for account EJR375WU6VAWRAOXPXE55HJ6GY; feature flag not enabled.
ERROR 2024-07-19T06:33:16.267 tokio-runtime-worker(ThreadId(8)) [1P:op-auto-lock/src/linux.rs:210] Could not connect to the X server: XcbEventError
INFO  2024-07-19T06:33:16.267 tokio-runtime-worker(ThreadId(8)) [1P:data/ext/op-account-ext-settings-authentication/src/lib.rs:292] exactly one existing key found (75d6c141e85a93e7). Applying it to any new accounts
INFO  2024-07-19T06:33:16.267 tokio-runtime-worker(ThreadId(8)) [1P:op-settings/src/store/json_store.rs:690] initializing settings authentication with key 75d6c141e85a93e7
INFO  2024-07-19T06:33:16.267 tokio-runtime-worker(ThreadId(1)) [1P:app/op-app/src/app/backend/unlock.rs:149] Lock state changed: Unlocked
INFO  2024-07-19T06:33:16.268 tokio-runtime-worker(ThreadId(14)) [1P:app/op-app/src/app/components/policies.rs:55] Skipping policies for account EJR375WU6VAWRAOXPXE55HJ6GY; feature flag not enabled.
INFO  2024-07-19T06:33:16.268 tokio-runtime-worker(ThreadId(13)) [1P:op-telemetry/src/middleware/opt_state.rs:114] op-telemetry: account uuid 'EJR375WU6VAWRAOXPXE55HJ6GY' changed telemetry state to Decided(In)
INFO  2024-07-19T06:33:16.466 tokio-runtime-worker(ThreadId(12)) [1P:data/op-account-system-unlock/src/lib.rs:684] Adding system unlock key. Verifying keysets can be decrypted.
INFO  2024-07-19T06:33:16.467 tokio-runtime-worker(ThreadId(12)) [1P:data/op-account-system-unlock/src/lib.rs:690] Adding system unlock key. Encrypting muk.
INFO  2024-07-19T06:33:16.467 ThreadId(23) [1P:data/op-account-system-unlock/src/lib.rs:696] Adding system unlock key. Updating account.
INFO  2024-07-19T06:33:16.467 tokio-runtime-worker(ThreadId(7)) [1P:app/op-app/src/app/components/policies.rs:55] Skipping policies for account EJR375WU6VAWRAOXPXE55HJ6GY; feature flag not enabled.
INFO  2024-07-19T06:33:16.722 tokio-runtime-worker(ThreadId(12)) [1P:app/op-app/src/app/backend/unlock.rs:171] Processing unlocked account EJR375WU6VAWRAOXPXE55HJ6GY
INFO  2024-07-19T06:33:16.992 tokio-runtime-worker(ThreadId(8)) [1P:op-b5-client/src/internal/unauthorized_session.rs:1053] Skipping MFA because server did not return MFA config
INFO  2024-07-19T06:33:17.070 tokio-runtime-worker(ThreadId(2)) [1P:op-syncer/src/sync_job.rs:358] synced account EJR375WU6VAWRAOXPXE55HJ6GY (0.076806662s)
INFO  2024-07-19T06:33:17.071 tokio-runtime-worker(ThreadId(12)) [1P:data/op-file-transfer/src/lib.rs:602] find_and_complete_pending_uploads: 'EJR375WU6VAWRAOXPXE55HJ6GY'
INFO  2024-07-19T06:33:17.161 tokio-runtime-worker(ThreadId(12)) [1P:data/ext/op-account-ext-syncer/src/lib.rs:236] The B5 Notifier for (EJR375WU6VAWRAOXPXE55HJ6GY) has connected, now monitoring for events.
INFO  2024-07-19T06:33:17.161 tokio-runtime-worker(ThreadId(2)) [1P:app/op-app/src/app/components/policies.rs:55] Skipping policies for account EJR375WU6VAWRAOXPXE55HJ6GY; feature flag not enabled.
INFO  2024-07-19T06:33:17.218 tokio-runtime-worker(ThreadId(12)) [1P:op-syncer/src/sync_job.rs:358] synced account EJR375WU6VAWRAOXPXE55HJ6GY (0.054358416s)
INFO  2024-07-19T06:33:27.474 tokio-runtime-worker(ThreadId(2)) [1P:app/op-app/src/app/backend/frontend.rs:26] Front end event: window closed
INFO  2024-07-19T06:33:31.812 tokio-runtime-worker(ThreadId(11)) [1P:native-messaging/op-native-core-integration/src/lib.rs:369] Extension connecting.
INFO  2024-07-19T06:33:31.812 tokio-runtime-worker(ThreadId(11)) [1P:native-messaging/op-native-core-integration/src/lib.rs:371] Extension connection accepted.
INFO  2024-07-19T06:33:32.816 tokio-runtime-worker(ThreadId(12)) [1P:native-messaging/op-native-core-integration/src/lib.rs:369] Extension connecting.
INFO  2024-07-19T06:33:32.816 tokio-runtime-worker(ThreadId(12)) [1P:native-messaging/op-native-core-integration/src/lib.rs:371] Extension connection accepted.
INFO  2024-07-19T06:43:34.628 tokio-runtime-worker(ThreadId(11)) [1P:app/op-app/src/app/backend/frontend.rs:57] Front end event: app will quit
WARN  2024-07-19T06:43:34.628 tokio-runtime-worker(ThreadId(11)) [1P:op-invocation/src/lib.rs:498] shutdown requested!
INFO  2024-07-19T06:43:34.628 tokio-runtime-worker(ThreadId(11)) [1P:app/op-app/src/app/shutdown.rs:81] starting app shutdown
INFO  2024-07-19T06:43:34.628 tokio-runtime-worker(ThreadId(11)) [1P:app/op-app/src/app/shutdown.rs:143] running shutdown hook: /builds/dev/core/core/app/op-app/src/app.rs:985
