INFO  2024-07-17T13:38:16.997 ThreadId(19) [1P:op-settings/src/store/json_store.rs:117] Settings file "/home/$USER/.config/1Password/settings/settings.json" missing, using defaults.
INFO  2024-07-17T13:38:16.997 ThreadId(19) [client:typescript] Client starting.
ERROR 2024-07-17T13:38:17.645 ThreadId(19) [1P:op-crash-reporting/src/crash_report.rs:125] Failed to load crash reports from disk: Os { code: 2, kind: NotFound, message: "No such file or directory" }
INFO  2024-07-17T13:38:17.656 ThreadId(19) [1P:op-crash-reporting/src/crash_handler.rs:276] Started crash handler thread
INFO  2024-07-17T13:38:17.656 ThreadId(19) [1P:op-localization/src/lib.rs:232] system locale detected as 'en-US'
INFO  2024-07-17T13:38:17.656 ThreadId(19) [1P:op-localization/src/lib.rs:258] selected translations for EN_US based on detected locale en-US
INFO  2024-07-17T13:38:17.656 ThreadId(19) [status:app/op-app/src/app.rs:620] App::new(1Password for Linux/81038010 (EN_US), /home/$USER/.config/1Password)
INFO  2024-07-17T13:38:17.657 ThreadId(19) [1P:data/op-db/src/common/mod.rs:120] Core DB Table Integrity Check Succeeded
INFO  2024-07-17T13:38:17.657 ThreadId(19) [1P:data/op-db/src/common/mod.rs:134] Core DB Integrity Check Succeeded
INFO  2024-07-17T13:38:17.657 ThreadId(19) [1P:data/op-db/src/core_db/db.rs:165] Starting Core DB at version: 0
INFO  2024-07-17T13:38:17.669 ThreadId(19) [1P:data/op-db/src/core_db/db.rs:190] Database is being created at '/home/$USER/.config/1Password/1password.sqlite' (sqlite: 3045000)
INFO  2024-07-17T13:38:17.678 ThreadId(19) [1P:data/op-db/src/core_db/db.rs:521] Updated DB Schema to version 001
INFO  2024-07-17T13:38:17.685 ThreadId(19) [1P:data/op-db/src/core_db/db.rs:543] Updated DB Schema to version 002
INFO  2024-07-17T13:38:17.691 ThreadId(19) [1P:data/op-db/src/core_db/db.rs:555] Updated DB Schema to version 003
INFO  2024-07-17T13:38:17.697 ThreadId(19) [1P:data/op-db/src/core_db/db.rs:571] Updated DB Schema to version 005
INFO  2024-07-17T13:38:17.703 ThreadId(19) [1P:data/op-db/src/core_db/db.rs:587] Updated DB Schema to version 006
INFO  2024-07-17T13:38:17.706 ThreadId(19) [1P:data/op-db/src/core_db/db.rs:601] Updated DB Schema to version 007
INFO  2024-07-17T13:38:17.709 ThreadId(19) [1P:data/op-db/src/core_db/db.rs:615] Updated DB Schema to version 008
INFO  2024-07-17T13:38:17.712 ThreadId(19) [1P:data/op-db/src/core_db/db.rs:629] Updated DB Schema to version 009
INFO  2024-07-17T13:38:17.715 ThreadId(19) [1P:data/op-db/src/core_db/db.rs:643] Updated DB Schema to version 011
INFO  2024-07-17T13:38:17.715 ThreadId(19) [1P:data/op-db/src/core_db/db.rs:658] Updated DB Schema to version 012
INFO  2024-07-17T13:38:17.718 ThreadId(19) [1P:data/op-db/src/core_db/db.rs:672] Updated DB Schema to version 013
INFO  2024-07-17T13:38:17.721 ThreadId(19) [1P:data/op-db/src/core_db/db.rs:686] Updated DB Schema to version 014
INFO  2024-07-17T13:38:17.724 ThreadId(19) [1P:data/op-db/src/core_db/db.rs:700] Updated DB Schema to version 015
INFO  2024-07-17T13:38:17.727 ThreadId(19) [1P:data/op-db/src/core_db/db.rs:714] Updated DB Schema to version 016
INFO  2024-07-17T13:38:17.731 ThreadId(19) [1P:data/op-db/src/core_db/db.rs:728] Updated DB Schema to version 017
INFO  2024-07-17T13:38:17.734 ThreadId(19) [1P:data/op-db/src/core_db/db.rs:742] Updated DB Schema to version 018
INFO  2024-07-17T13:38:17.738 ThreadId(19) [1P:data/op-db/src/core_db/db.rs:756] Updated DB Schema to version 019
INFO  2024-07-17T13:38:17.744 ThreadId(19) [1P:data/op-db/src/core_db/db.rs:871] Updated DB Schema to version 021
INFO  2024-07-17T13:38:17.747 ThreadId(19) [1P:data/op-db/src/core_db/db.rs:885] Updated DB Schema to version 022
INFO  2024-07-17T13:38:17.750 ThreadId(19) [1P:data/op-db/src/core_db/db.rs:899] Updated DB Schema to version 023
INFO  2024-07-17T13:38:17.753 ThreadId(19) [1P:data/op-db/src/core_db/db.rs:913] Updated DB Schema to version 024
INFO  2024-07-17T13:38:17.757 ThreadId(19) [1P:data/op-db/src/core_db/db.rs:927] Updated DB Schema to version 025
INFO  2024-07-17T13:38:17.760 ThreadId(19) [1P:data/op-db/src/core_db/db.rs:1041] Updated DB Schema to version 026
INFO  2024-07-17T13:38:17.763 ThreadId(19) [1P:data/op-db/src/core_db/db.rs:1055] Updated DB Schema to version 027
INFO  2024-07-17T13:38:17.766 ThreadId(19) [1P:data/op-db/src/core_db/db.rs:1069] Updated DB Schema to version 028
INFO  2024-07-17T13:38:17.769 ThreadId(19) [1P:data/op-db/src/core_db/db.rs:1083] Updated DB Schema to version 029
INFO  2024-07-17T13:38:17.772 ThreadId(19) [1P:data/op-db/src/core_db/db.rs:1097] Updated DB Schema to version 030
INFO  2024-07-17T13:38:17.775 ThreadId(19) [1P:data/op-db/src/core_db/db.rs:1110] Updated DB Schema to version 031
INFO  2024-07-17T13:38:17.778 ThreadId(19) [1P:data/op-db/src/common/mod.rs:120] Resources DB Table Integrity Check Succeeded
INFO  2024-07-17T13:38:17.778 ThreadId(19) [1P:data/op-db/src/common/mod.rs:134] Resources DB Integrity Check Succeeded
INFO  2024-07-17T13:38:17.778 ThreadId(19) [1P:data/op-db/src/resources_db/db.rs:134] Starting Resources DB at version: 0
INFO  2024-07-17T13:38:17.778 ThreadId(19) [1P:data/op-db/src/resources_db/db.rs:142] Resources Database is being created at '/home/$USER/.config/1Password/1password_resources.sqlite' (sqlite: 3045000)
INFO  2024-07-17T13:38:17.789 ThreadId(19) [1P:data/op-db/src/resources_db/db.rs:247] Updated DB Schema to version 001
ERROR 2024-07-17T13:38:17.793 ThreadId(19) [1P:/builds/dev/core/core/ssh/op-ssh-config/src/lib.rs:198] Failed to start ssh config file watcher: Io(Os { code: 2, kind: NotFound, message: "No such file or directory" })
INFO  2024-07-17T13:38:17.796 ThreadId(19) [1P:native-messaging/op-nm-installer/src/nix_utils.rs:48] Creating manifest directory for Chromium at /home/$USER/.config/google-chrome/NativeMessagingHosts
INFO  2024-07-17T13:38:17.796 ThreadId(19) [1P:native-messaging/op-nm-installer/src/nix_utils.rs:68] Created NMH manifest at /home/$USER/.config/google-chrome/NativeMessagingHosts/com.1password.1password.json
INFO  2024-07-17T13:38:17.796 ThreadId(19) [1P:native-messaging/op-nm-installer/src/nix_utils.rs:48] Creating manifest directory for Chromium at /home/$USER/.config/google-chrome-beta/NativeMessagingHosts
INFO  2024-07-17T13:38:17.796 ThreadId(19) [1P:native-messaging/op-nm-installer/src/nix_utils.rs:68] Created NMH manifest at /home/$USER/.config/google-chrome-beta/NativeMessagingHosts/com.1password.1password.json
INFO  2024-07-17T13:38:17.796 ThreadId(19) [1P:native-messaging/op-nm-installer/src/nix_utils.rs:48] Creating manifest directory for Chromium at /home/$USER/.config/google-chrome-unstable/NativeMessagingHosts
INFO  2024-07-17T13:38:17.796 ThreadId(19) [1P:native-messaging/op-nm-installer/src/nix_utils.rs:68] Created NMH manifest at /home/$USER/.config/google-chrome-unstable/NativeMessagingHosts/com.1password.1password.json
INFO  2024-07-17T13:38:17.796 ThreadId(19) [1P:native-messaging/op-nm-installer/src/nix_utils.rs:48] Creating manifest directory for Chromium at /home/$USER/.config/chromium/NativeMessagingHosts
INFO  2024-07-17T13:38:17.796 ThreadId(19) [1P:native-messaging/op-nm-installer/src/nix_utils.rs:68] Created NMH manifest at /home/$USER/.config/chromium/NativeMessagingHosts/com.1password.1password.json
INFO  2024-07-17T13:38:17.796 ThreadId(19) [1P:native-messaging/op-nm-installer/src/nix_utils.rs:48] Creating manifest directory for Chromium at /home/$USER/.config/microsoft-edge-dev/NativeMessagingHosts
INFO  2024-07-17T13:38:17.796 ThreadId(19) [1P:native-messaging/op-nm-installer/src/nix_utils.rs:68] Created NMH manifest at /home/$USER/.config/microsoft-edge-dev/NativeMessagingHosts/com.1password.1password.json
INFO  2024-07-17T13:38:17.796 ThreadId(19) [1P:native-messaging/op-nm-installer/src/nix_utils.rs:48] Creating manifest directory for Chromium at /home/$USER/.config/BraveSoftware/Brave-Browser/NativeMessagingHosts
INFO  2024-07-17T13:38:17.796 ThreadId(19) [1P:native-messaging/op-nm-installer/src/nix_utils.rs:68] Created NMH manifest at /home/$USER/.config/BraveSoftware/Brave-Browser/NativeMessagingHosts/com.1password.1password.json
INFO  2024-07-17T13:38:17.797 ThreadId(19) [1P:native-messaging/op-nm-installer/src/nix_utils.rs:48] Creating manifest directory for Chromium at /home/$USER/.config/vivaldi/NativeMessagingHosts
INFO  2024-07-17T13:38:17.797 ThreadId(19) [1P:native-messaging/op-nm-installer/src/nix_utils.rs:68] Created NMH manifest at /home/$USER/.config/vivaldi/NativeMessagingHosts/com.1password.1password.json
INFO  2024-07-17T13:38:17.797 ThreadId(19) [1P:native-messaging/op-nm-installer/src/nix_utils.rs:48] Creating manifest directory for Chromium at /home/$USER/.config/vivaldi-snapshot/NativeMessagingHosts
INFO  2024-07-17T13:38:17.797 ThreadId(19) [1P:native-messaging/op-nm-installer/src/nix_utils.rs:68] Created NMH manifest at /home/$USER/.config/vivaldi-snapshot/NativeMessagingHosts/com.1password.1password.json
INFO  2024-07-17T13:38:17.797 ThreadId(19) [1P:native-messaging/op-nm-installer/src/nix_utils.rs:48] Creating manifest directory for Firefox at /home/$USER/.mozilla/native-messaging-hosts
INFO  2024-07-17T13:38:17.797 ThreadId(19) [1P:native-messaging/op-nm-installer/src/nix_utils.rs:68] Created NMH manifest at /home/$USER/.mozilla/native-messaging-hosts/com.1password.1password.json
INFO  2024-07-17T13:38:17.797 ThreadId(19) [1P:native-messaging/op-nm-installer/src/nix_utils.rs:83] Successfully installed all native messaging manifests.
INFO  2024-07-17T13:38:17.797 tokio-runtime-worker(ThreadId(14)) [1P:native-messaging/op-native-core-integration/src/lib.rs:332] Starting IPC listener on 1Password-BrowserSupport
ERROR 2024-07-17T13:38:17.797 ThreadId(19) [1P:ffi/op-core-node/src/lib.rs:405] Io(Os { code: 2, kind: NotFound, message: "No such file or directory" })
INFO  2024-07-17T13:38:17.797 tokio-runtime-worker(ThreadId(14)) [1P:native-messaging/op-native-core-integration/src/lib.rs:344] Active native core integration is awaiting messages
INFO  2024-07-17T13:38:17.798 tokio-runtime-worker(ThreadId(15)) [1P:ssh/op-agent-controller/src/lib.rs:521] Starting filesystem watcher for SSH agent configuration directories...
ERROR 2024-07-17T13:38:17.842 ThreadId(19) [client:typescript] Could not load window state.
INFO  2024-07-17T13:38:19.753 tokio-runtime-worker(ThreadId(14)) [1P:app/op-app/src/app/backend/mycelium/unauthorized_device_start.rs:91] MYCELIUM UNAUTHORIZED DEVICE FORWARD FLOW SIGN-IN -- starting new sign-in session
INFO  2024-07-17T13:38:19.753 tokio-runtime-worker(ThreadId(14)) [1P:app/op-app/src/app/backend/task_handle.rs:45] Starting mycelium-active-sign-in task
INFO  2024-07-17T13:38:19.753 tokio-runtime-worker(ThreadId(14)) [1P:app/op-app/src/app/backend/mycelium/unauthorized_device_start.rs:251] MYCELIUM UNAUTHORIZED DEVICE FORWARD FLOW SIGN-IN -- starting channel create loop
INFO  2024-07-17T13:38:20.205 tokio-runtime-worker(ThreadId(7)) [1P:app/op-app/src/app/backend/mycelium/unauthorized_device_start.rs:268] MYCELIUM UNAUTHORIZED DEVICE FORWARD FLOW SIGN-IN -- created Mycelium channel on region code Com
WARN  2024-07-17T13:38:34.924 tokio-runtime-worker(ThreadId(8)) [1P:op-mycelium-auth/src/state_machine/forward.rs:197] failed to wait for channel reply: ChannelMoved { region: 2, port_or_subdomain_number: None }
INFO  2024-07-17T13:38:34.924 tokio-runtime-worker(ThreadId(8)) [1P:op-mycelium-auth/src/state_machine/forward.rs:199] closing Mycelium channel
INFO  2024-07-17T13:38:35.039 tokio-runtime-worker(ThreadId(8)) [1P:app/op-app/src/app/backend/mycelium/unauthorized_device_start.rs:352] MYCELIUM UNAUTHORIZED DEVICE FORWARD FLOW SIGN-IN -- authorized device has requested a change to region code: 2
INFO  2024-07-17T13:38:35.039 tokio-runtime-worker(ThreadId(8)) [1P:app/op-app/src/app/backend/mycelium/unauthorized_device_start.rs:251] MYCELIUM UNAUTHORIZED DEVICE FORWARD FLOW SIGN-IN -- starting channel create loop
INFO  2024-07-17T13:38:35.199 tokio-runtime-worker(ThreadId(7)) [1P:app/op-app/src/app/backend/mycelium/unauthorized_device_start.rs:268] MYCELIUM UNAUTHORIZED DEVICE FORWARD FLOW SIGN-IN -- created Mycelium channel on region code Eu
INFO  2024-07-17T13:38:46.197 tokio-runtime-worker(ThreadId(14)) [1P:app/op-app/src/app/backend/mycelium/unauthorized_device_start.rs:303] MYCELIUM UNAUTHORIZED DEVICE FORWARD FLOW SIGN-IN -- channel connected
INFO  2024-07-17T13:39:08.457 tokio-runtime-worker(ThreadId(8)) [1P:app/op-app/src/app/backend/mycelium/unauthorized_device_start.rs:219] MYCELIUM UNAUTHORIZED DEVICE FORWARD FLOW SIGN-IN -- allow device prompt accepted
INFO  2024-07-17T13:39:08.458 tokio-runtime-worker(ThreadId(8)) [1P:data/op-add-account/src/first_sync.rs:476] starting initial account sync
INFO  2024-07-17T13:39:08.866 tokio-runtime-worker(ThreadId(8)) [1P:op-syncer/src/sync_job.rs:358] synced account EJR375WU6VAWRAOXPXE55HJ6GY (0.408557439s)
INFO  2024-07-17T13:39:08.874 tokio-runtime-worker(ThreadId(8)) [1P:/builds/dev/core/core/data/ext/op-account-ext-settings-authentication/src/lib.rs:213] loaded settings authentication key: none
INFO  2024-07-17T13:39:08.875 tokio-runtime-worker(ThreadId(8)) [1P:data/ext/op-account-ext-items/src/lib.rs:265] loaded 0 items in 3 vaults for account: EJR375WU6VAWRAOXPXE55HJ6GY
INFO  2024-07-17T13:39:08.876 tokio-runtime-worker(ThreadId(15)) [1P:app/op-app/src/app/backend/frontend_initialized.rs:240] starting refresher task during initial account sign-in
INFO  2024-07-17T13:39:08.876 tokio-runtime-worker(ThreadId(8)) [1P:app/op-app/src/app/backend/mycelium/shared.rs:474] Mycelium Sign-in succeeded
INFO  2024-07-17T13:39:08.876 tokio-runtime-worker(ThreadId(7)) [1P:app/op-app/src/app/backend/frontend_initialized.rs:249] refreshing ui for pending sign-in
ERROR 2024-07-17T13:39:08.876 tokio-runtime-worker(ThreadId(8)) [1P:op-auto-lock/src/linux.rs:210] Could not connect to the X server: XcbEventError
INFO  2024-07-17T13:39:08.876 tokio-runtime-worker(ThreadId(8)) [1P:data/ext/op-account-ext-settings-authentication/src/lib.rs:332] No and/or corrupt account setting authentication key, generating a new one.
INFO  2024-07-17T13:39:08.876 tokio-runtime-worker(ThreadId(8)) [1P:data/ext/op-account-ext-settings-authentication/src/lib.rs:356] applying setting authentication key (75d6c141e85a93e7) to account (EJR375WU6VAWRAOXPXE55HJ6GY).
INFO  2024-07-17T13:39:08.876 tokio-runtime-worker(ThreadId(8)) [1P:op-settings/src/store/json_store.rs:685] initializing settings authentication with key 75d6c141e85a93e7
INFO  2024-07-17T13:39:08.876 tokio-runtime-worker(ThreadId(12)) [1P:app/op-app/src/app/backend/unlock.rs:149] Lock state changed: Unlocked
INFO  2024-07-17T13:39:08.879 tokio-runtime-worker(ThreadId(3)) [1P:op-telemetry/src/middleware/opt_state.rs:114] op-telemetry: account uuid 'EJR375WU6VAWRAOXPXE55HJ6GY' changed telemetry state to Decided(In)
INFO  2024-07-17T13:39:09.072 tokio-runtime-worker(ThreadId(3)) [1P:data/ext/op-account-ext-syncer/src/lib.rs:236] The B5 Notifier for (EJR375WU6VAWRAOXPXE55HJ6GY) has connected, now monitoring for events.
INFO  2024-07-17T13:39:09.481 tokio-runtime-worker(ThreadId(8)) [1P:app/op-app/src/app/backend/unlock.rs:171] Processing unlocked account EJR375WU6VAWRAOXPXE55HJ6GY
INFO  2024-07-17T13:39:09.593 tokio-runtime-worker(ThreadId(12)) [1P:op-syncer/src/sync_job.rs:358] synced account EJR375WU6VAWRAOXPXE55HJ6GY (0.716955469s)
INFO  2024-07-17T13:39:09.593 tokio-runtime-worker(ThreadId(12)) [1P:data/op-file-transfer/src/lib.rs:602] find_and_complete_pending_uploads: 'EJR375WU6VAWRAOXPXE55HJ6GY'
INFO  2024-07-17T13:39:09.593 tokio-runtime-worker(ThreadId(8)) [1P:app/op-app/src/app/backend/frontend_initialized.rs:254] shutting down refresher task
INFO  2024-07-17T13:39:09.647 tokio-runtime-worker(ThreadId(3)) [1P:op-syncer/src/sync_job.rs:358] synced account EJR375WU6VAWRAOXPXE55HJ6GY (0.050232292s)
INFO  2024-07-17T13:39:09.715 tokio-runtime-worker(ThreadId(2)) [1P:app/op-app/src/app/backend/unlock.rs:322] Auto-lock duration recieved one-time update
INFO  2024-07-17T13:39:09.715 tokio-runtime-worker(ThreadId(14)) [1P:op-settings/src/store/json_store.rs:117] Settings file "/home/$USER/.config/1Password/settings/settings.json" missing, using defaults.
INFO  2024-07-17T13:39:11.881 tokio-runtime-worker(ThreadId(11)) [1P:app/op-app/src/app/backend/task_handle.rs:60] Terminating mycelium-active-sign-in task
INFO  2024-07-17T13:39:11.881 tokio-runtime-worker(ThreadId(11)) [1P:app/op-app/src/app/backend.rs:899] Mycelium sign-in task cancelled by client
ERROR 2024-07-17T13:39:11.971 tokio-runtime-worker(ThreadId(6)) [1P:app/op-app/src/app/backend/mycelium/task_management.rs:139] FetchError(<unknown reason>, code: HttpStatus(410), Session ID: None)
INFO  2024-07-17T13:39:13.974 ThreadId(19) [client:typescript] Settings file changed.
INFO  2024-07-17T13:39:14.536 tokio-runtime-worker(ThreadId(2)) [1P:data/op-account-system-unlock/src/lib.rs:684] Adding system unlock key. Verifying keysets can be decrypted.
INFO  2024-07-17T13:39:14.538 tokio-runtime-worker(ThreadId(2)) [1P:data/op-account-system-unlock/src/lib.rs:690] Adding system unlock key. Encrypting muk.
INFO  2024-07-17T13:39:14.538 ThreadId(23) [1P:data/op-account-system-unlock/src/lib.rs:696] Adding system unlock key. Updating account.
INFO  2024-07-17T13:39:30.792 tokio-runtime-worker(ThreadId(5)) [1P:app/op-app/src/app/backend/frontend.rs:26] Front end event: window closed
INFO  2024-07-17T13:39:42.810 tokio-runtime-worker(ThreadId(10)) [1P:native-messaging/op-native-core-integration/src/lib.rs:369] Extension connecting.
INFO  2024-07-17T13:39:42.810 tokio-runtime-worker(ThreadId(10)) [1P:native-messaging/op-native-core-integration/src/lib.rs:371] Extension connection accepted.
INFO  2024-07-17T13:50:18.559 tokio-runtime-worker(ThreadId(14)) [1P:native-messaging/op-native-core-integration/src/lib.rs:369] Extension connecting.
INFO  2024-07-17T13:50:18.559 tokio-runtime-worker(ThreadId(14)) [1P:native-messaging/op-native-core-integration/src/lib.rs:371] Extension connection accepted.
ERROR 2024-07-17T14:02:53.500 tokio-runtime-worker(ThreadId(11)) [1P:native-messaging/op-native-core-integration/src/connection_handler.rs:62] message from b5x was None: EndConnection
ERROR 2024-07-17T14:02:53.501 tokio-runtime-worker(ThreadId(11)) [1P:native-messaging/op-native-core-integration/src/connection_handler.rs:31] Dropping connection with b5x due to error handling incoming message: EndConnection
